<?xml version="1.0" encoding="UTF-8"?>
<testng-results ignored="0" total="1" passed="1" failed="0" skipped="0">
  <reporter-output>
  </reporter-output>
  <suite started-at="2022-05-29T01:13:22 EDT" name="Suite" finished-at="2022-05-29T01:13:54 EDT" duration-ms="32590">
    <groups>
      <group name="cucumber">
        <method signature="AbstractTestNGCucumberTests.runScenario(io.cucumber.testng.PickleWrapper,io.cucumber.testng.FeatureWrapper)[pri:0, instance:com.crowdstreet.runner.CrowdStreetRunner@6574a52c]" name="runScenario" class="io.cucumber.testng.AbstractTestNGCucumberTests"/>
      </group> <!-- cucumber -->
    </groups>
    <test started-at="2022-05-29T01:13:22 EDT" name="Test" finished-at="2022-05-29T01:13:54 EDT" duration-ms="32590">
      <class name="com.crowdstreet.runner.CrowdStreetRunner">
        <test-method is-config="true" signature="setUpClass()[pri:0, instance:com.crowdstreet.runner.CrowdStreetRunner@6574a52c]" started-at="2022-05-29T01:13:22 EDT" name="setUpClass" finished-at="2022-05-29T01:13:22 EDT" duration-ms="496" status="PASS">
          <reporter-output>
          </reporter-output>
        </test-method> <!-- setUpClass -->
        <test-method signature="runScenario(io.cucumber.testng.PickleWrapper,io.cucumber.testng.FeatureWrapper)[pri:0, instance:com.crowdstreet.runner.CrowdStreetRunner@6574a52c]" started-at="2022-05-29T01:13:22 EDT" name="runScenario" description="Runs Cucumber Scenarios" data-provider="scenarios" finished-at="2022-05-29T01:13:54 EDT" duration-ms="31938" status="PASS">
          <params>
            <param index="0">
              <value>
                <![CDATA["User Login with valid credentials and verify login success"]]>
              </value>
            </param>
            <param index="1">
              <value>
                <![CDATA["Optional[User able to login with valid credentials]"]]>
              </value>
            </param>
          </params>
          <reporter-output>
          </reporter-output>
        </test-method> <!-- runScenario -->
        <test-method is-config="true" signature="tearDownClass()[pri:0, instance:com.crowdstreet.runner.CrowdStreetRunner@6574a52c]" started-at="2022-05-29T01:13:54 EDT" name="tearDownClass" finished-at="2022-05-29T01:13:54 EDT" duration-ms="101" status="PASS">
          <reporter-output>
          </reporter-output>
        </test-method> <!-- tearDownClass -->
      </class> <!-- com.crowdstreet.runner.CrowdStreetRunner -->
    </test> <!-- Test -->
  </suite> <!-- Suite -->
</testng-results>
